{
  "RSpec": {
    "coverage": {
      "/Users/danielstephenson/Projects/skills-workshops/week-4/Bookmark-Managers/spec/booksmarks_spec.rb": [
        1,
        null,
        1,
        1,
        1,
        1,
        null,
        1,
        1,
        1,
        null,
        1,
        null,
        1,
        1,
        1,
        null,
        null,
        null
      ],
      "/Users/danielstephenson/Projects/skills-workshops/week-4/Bookmark-Managers/spec/features/greeting_spec.rb": [
        1,
        1,
        1,
        1,
        1,
        null,
        null
      ]
    },
    "timestamp": 1537969599
  }
}
