{
  "RSpec": {
    "coverage": {
      "/Users/danielstephenson/Projects/skills-workshops/week-4/Bookmark-Managers/spec/booksmarks_spec.rb": [
        1,
        1,
        null,
        1,
        1,
        1,
        1,
        null,
        1,
        1,
        1,
        null,
        1,
        1,
        null,
        1,
        1,
        1,
        1,
        1,
        null,
        null,
        null,
        1,
        1,
        1,
        null,
        1,
        1,
        1,
        null,
        null,
        1,
        1,
        null,
        1,
        null,
        null,
        null
      ],
      "/Users/danielstephenson/Projects/skills-workshops/week-4/Bookmark-Managers/spec/features/creating_bookmarks_spec.rb": [
        1,
        null,
        1,
        1,
        1,
        1,
        1,
        1,
        1,
        1,
        null,
        null,
        1,
        1,
        1,
        1,
        1,
        1,
        1,
        null,
        null
      ],
      "/Users/danielstephenson/Projects/skills-workshops/week-4/Bookmark-Managers/spec/features/greeting_spec.rb": [
        1,
        1,
        1,
        1,
        1,
        null,
        null
      ],
      "/Users/danielstephenson/Projects/skills-workshops/week-4/Bookmark-Managers/spec/features/viewing_bookmarks_spec.rb": [
        1,
        null,
        1,
        1,
        1,
        1,
        1,
        null,
        1,
        null,
        1,
        0,
        0,
        null,
        null,
        null,
        1,
        1,
        1,
        1,
        1,
        1,
        null,
        null
      ]
    },
    "timestamp": 1538067341
  }
}
